{"uid":"2b79dfe19e72f6e2","name":"Test Simple Search","fullName":"playwright_pytest.ui_tests.test_todo_app.TestSearch#test_simple_search","historyId":"5e99764807a34d0d829b8e982c9ea7c9","time":{"start":1726579669272,"stop":1726579677473,"duration":8201},"description":"Search for Playwright docs.","descriptionHtml":"<p>Search for Playwright docs.</p>\n","status":"failed","statusMessage":"AssertionError: Locator expected to have Value 'Playwright'\nActual value: <element(s) not found> \nCall log:\nLocatorAssertions.to_have_value with timeout 5000ms\n  - waiting for get_by_placeholder(\"Search docs\")","statusTrace":"self = <test_todo_app.TestSearch object at 0x7f83b8310e90>\npage = <Page url='https://playwright.dev/python/docs/api/class-playwright'>\n\n    @allure.title('Test Simple Search')\n    @allure.description('Search for Playwright docs.')\n    @allure.severity(allure.severity_level.NORMAL)\n    def test_simple_search(self, page: Page):\n        page.goto('https://playwright.dev/python/docs/input')\n    \n        s_bar = PlaywrightSearch(page)\n        s_bar.search_for('Playwright')\n    \n>       expect(s_bar.search_field).to_have_value('Playwright')\nE       AssertionError: Locator expected to have Value 'Playwright'\nE       Actual value: <element(s) not found> \nE       Call log:\nE       LocatorAssertions.to_have_value with timeout 5000ms\nE         - waiting for get_by_placeholder(\"Search docs\")\n\nplaywright_pytest/ui_tests/test_todo_app.py:20: AssertionError","flaky":false,"newFailed":true,"newBroken":false,"newPassed":false,"retriesCount":0,"retriesStatusChange":false,"beforeStages":[{"name":"_set_driver_allure_tag","time":{"start":1726579669045,"stop":1726579669046,"duration":1},"status":"passed","steps":[],"attachments":[],"parameters":[],"shouldDisplayMessage":false,"stepsCount":0,"attachmentsCount":0,"hasContent":false},{"name":"context","time":{"start":1726579669046,"stop":1726579669063,"duration":17},"status":"passed","steps":[],"attachments":[],"parameters":[],"shouldDisplayMessage":false,"stepsCount":0,"attachmentsCount":0,"hasContent":false},{"name":"page","time":{"start":1726579669063,"stop":1726579669243,"duration":180},"status":"passed","steps":[],"attachments":[],"parameters":[],"shouldDisplayMessage":false,"stepsCount":0,"attachmentsCount":0,"hasContent":false},{"name":"page","time":{"start":1726579669244,"stop":1726579669270,"duration":26},"status":"passed","steps":[],"attachments":[],"parameters":[],"shouldDisplayMessage":false,"stepsCount":0,"attachmentsCount":0,"hasContent":false}],"testStage":{"description":"Search for Playwright docs.","status":"failed","statusMessage":"AssertionError: Locator expected to have Value 'Playwright'\nActual value: <element(s) not found> \nCall log:\nLocatorAssertions.to_have_value with timeout 5000ms\n  - waiting for get_by_placeholder(\"Search docs\")","statusTrace":"self = <test_todo_app.TestSearch object at 0x7f83b8310e90>\npage = <Page url='https://playwright.dev/python/docs/api/class-playwright'>\n\n    @allure.title('Test Simple Search')\n    @allure.description('Search for Playwright docs.')\n    @allure.severity(allure.severity_level.NORMAL)\n    def test_simple_search(self, page: Page):\n        page.goto('https://playwright.dev/python/docs/input')\n    \n        s_bar = PlaywrightSearch(page)\n        s_bar.search_for('Playwright')\n    \n>       expect(s_bar.search_field).to_have_value('Playwright')\nE       AssertionError: Locator expected to have Value 'Playwright'\nE       Actual value: <element(s) not found> \nE       Call log:\nE       LocatorAssertions.to_have_value with timeout 5000ms\nE         - waiting for get_by_placeholder(\"Search docs\")\n\nplaywright_pytest/ui_tests/test_todo_app.py:20: AssertionError","steps":[{"name":"Get search for term","time":{"start":1726579670268,"stop":1726579672370,"duration":2102},"status":"passed","steps":[],"attachments":[],"parameters":[{"name":"term","value":"'Playwright'"}],"shouldDisplayMessage":false,"stepsCount":0,"attachmentsCount":0,"hasContent":true}],"attachments":[{"uid":"d1fd5e45dfaea6e2","name":"playwright-pytest-ui-tests-test-todo-app-py-testsearch-test-simple-search-chromium-trace.zip","source":"d1fd5e45dfaea6e2.zip","type":"application/zip","size":1485352},{"uid":"2eb670c72a9902ac","name":"playwright-pytest-ui-tests-test-todo-app-py-testsearch-test-simple-search-chromium.png","source":"2eb670c72a9902ac.png","type":"image/png","size":174129}],"parameters":[],"shouldDisplayMessage":true,"stepsCount":1,"attachmentsCount":2,"hasContent":true},"afterStages":[{"name":"page::0","time":{"start":1726579677754,"stop":1726579677754,"duration":0},"status":"passed","steps":[],"attachments":[],"parameters":[],"shouldDisplayMessage":false,"stepsCount":0,"attachmentsCount":0,"hasContent":false},{"name":"page::0","time":{"start":1726579677754,"stop":1726579677754,"duration":0},"status":"passed","steps":[],"attachments":[],"parameters":[],"shouldDisplayMessage":false,"stepsCount":0,"attachmentsCount":0,"hasContent":false},{"name":"context::0","time":{"start":1726579677755,"stop":1726579677768,"duration":13},"status":"passed","steps":[],"attachments":[],"parameters":[],"shouldDisplayMessage":false,"stepsCount":0,"attachmentsCount":0,"hasContent":false}],"labels":[{"name":"suite","value":"chromium 128.0.6613.18"},{"name":"tag","value":"UI"},{"name":"owner","value":"Viacheslav"},{"name":"severity","value":"normal"},{"name":"feature","value":"Docs search"},{"name":"parentSuite","value":"playwright_pytest.ui_tests"},{"name":"subSuite","value":"TestSearch"},{"name":"host","value":"fv-az775-650"},{"name":"thread","value":"5740-MainThread"},{"name":"framework","value":"pytest"},{"name":"language","value":"cpython3"},{"name":"package","value":"playwright_pytest.ui_tests.test_todo_app"},{"name":"resultFormat","value":"allure2"}],"parameters":[{"name":"browser_name","value":"'chromium'"}],"links":[],"hidden":false,"retry":false,"extra":{"severity":"normal","owner":"Viacheslav","retries":[],"categories":[{"name":"Product defects","matchedStatuses":[],"flaky":false}],"history":{"statistic":{"failed":1,"broken":0,"skipped":0,"passed":1,"unknown":0,"total":2},"items":[{"uid":"8fa2617419aac317","reportUrl":"https://Djet78.github.io/PlaywrightXPytest/26//#testresult/8fa2617419aac317","status":"passed","time":{"start":1726567927943,"stop":1726567930692,"duration":2749}}]},"tags":["UI"]},"source":"2b79dfe19e72f6e2.json","parameterValues":["'chromium'"]}