{"uid":"d2f10aecab2723a2","name":"Test Simple Search","fullName":"playwright_pytest.ui_tests.test_todo_app.TestSearch#test_simple_search","time":{"start":1747538214753,"stop":1747538221553,"duration":6800},"description":"Search for Playwright docs.","descriptionHtml":"<p>Search for Playwright docs.</p>\n","status":"failed","statusMessage":"AssertionError: Locator expected to have Value 'Playwright'\nActual value: <element(s) not found> \nCall log:\nLocatorAssertions.to_have_value with timeout 5000ms\n  - waiting for get_by_placeholder(\"Search docs\")","statusTrace":"self = <test_todo_app.TestSearch object at 0x7f551cc6dc70>\npage = <Page url='https://playwright.dev/python/docs/api/class-playwright'>\n\n    @allure.title('Test Simple Search')\n    @allure.description('Search for Playwright docs.')\n    @allure.severity(allure.severity_level.NORMAL)\n    def test_simple_search(self, page: Page):\n        page.goto('https://playwright.dev/python/docs/input')\n    \n        s_bar = PlaywrightSearch(page)\n        s_bar.search_for('Playwright')\n    \n>       expect(s_bar.search_field).to_have_value('Playwright')\nE       AssertionError: Locator expected to have Value 'Playwright'\nE       Actual value: <element(s) not found> \nE       Call log:\nE       LocatorAssertions.to_have_value with timeout 5000ms\nE         - waiting for get_by_placeholder(\"Search docs\")\n\nplaywright_pytest/ui_tests/test_todo_app.py:20: AssertionError","flaky":false,"newFailed":false,"newBroken":false,"newPassed":false,"retriesCount":0,"retriesStatusChange":false,"beforeStages":[{"name":"page","time":{"start":1747538213653,"stop":1747538214741,"duration":1088},"status":"passed","steps":[],"attachments":[],"parameters":[],"shouldDisplayMessage":false,"stepsCount":0,"attachmentsCount":0,"hasContent":false},{"name":"page","time":{"start":1747538214741,"stop":1747538214752,"duration":11},"status":"passed","steps":[],"attachments":[],"parameters":[],"shouldDisplayMessage":false,"stepsCount":0,"attachmentsCount":0,"hasContent":false}],"testStage":{"description":"Search for Playwright docs.","status":"failed","statusMessage":"AssertionError: Locator expected to have Value 'Playwright'\nActual value: <element(s) not found> \nCall log:\nLocatorAssertions.to_have_value with timeout 5000ms\n  - waiting for get_by_placeholder(\"Search docs\")","statusTrace":"self = <test_todo_app.TestSearch object at 0x7f551cc6dc70>\npage = <Page url='https://playwright.dev/python/docs/api/class-playwright'>\n\n    @allure.title('Test Simple Search')\n    @allure.description('Search for Playwright docs.')\n    @allure.severity(allure.severity_level.NORMAL)\n    def test_simple_search(self, page: Page):\n        page.goto('https://playwright.dev/python/docs/input')\n    \n        s_bar = PlaywrightSearch(page)\n        s_bar.search_for('Playwright')\n    \n>       expect(s_bar.search_field).to_have_value('Playwright')\nE       AssertionError: Locator expected to have Value 'Playwright'\nE       Actual value: <element(s) not found> \nE       Call log:\nE       LocatorAssertions.to_have_value with timeout 5000ms\nE         - waiting for get_by_placeholder(\"Search docs\")\n\nplaywright_pytest/ui_tests/test_todo_app.py:20: AssertionError","steps":[{"name":"Get search for term","time":{"start":1747538215294,"stop":1747538216457,"duration":1163},"status":"passed","steps":[],"attachments":[],"parameters":[{"name":"term","value":"'Playwright'"}],"shouldDisplayMessage":false,"stepsCount":0,"attachmentsCount":0,"hasContent":true}],"attachments":[{"uid":"4508b635484550f7","name":"playwright-pytest-ui-tests-test-todo-app-py-testsearch-test-simple-search-webkit-trace.zip","source":"4508b635484550f7.zip","type":"application/zip","size":868807}],"parameters":[],"shouldDisplayMessage":true,"stepsCount":1,"attachmentsCount":1,"hasContent":true},"afterStages":[{"name":"page::0","time":{"start":1747538222095,"stop":1747538222095,"duration":0},"status":"passed","steps":[],"attachments":[],"parameters":[],"shouldDisplayMessage":false,"stepsCount":0,"attachmentsCount":0,"hasContent":false},{"name":"page::0","time":{"start":1747538222095,"stop":1747538222095,"duration":0},"status":"passed","steps":[],"attachments":[],"parameters":[],"shouldDisplayMessage":false,"stepsCount":0,"attachmentsCount":0,"hasContent":false}],"labels":[{"name":"epic","value":"webkit 18.0"},{"name":"resultFormat","value":"allure2"}],"parameters":[{"name":"browser_name","value":"'webkit'"}],"links":[],"hidden":false,"retry":false,"extra":{"severity":"normal","categories":[{"name":"Product defects","matchedStatuses":[],"flaky":false}],"tags":[]},"source":"d2f10aecab2723a2.json","parameterValues":["'webkit'"]}